{"/Users/pawelzun/unamo/mine-repos/webpack-todo/src/index.js": {"path":"/Users/pawelzun/unamo/mine-repos/webpack-todo/src/index.js","statementMap":{"0":{"start":{"line":1,"column":0},"end":{"line":null,"column":-1}},"1":{"start":{"line":2,"column":0},"end":{"line":null,"column":-1}},"2":{"start":{"line":3,"column":0},"end":{"line":null,"column":-1}},"3":{"start":{"line":4,"column":0},"end":{"line":null,"column":-1}},"4":{"start":{"line":6,"column":4},"end":{"line":null,"column":-1}},"5":{"start":{"line":11,"column":0},"end":{"line":21,"column":1}},"6":{"start":{"line":12,"column":2},"end":{"line":null,"column":-1}},"7":{"start":{"line":13,"column":20},"end":{"line":13,"column":4}},"8":{"start":{"line":14,"column":4},"end":{"line":null,"column":-1}}},"fnMap":{"0":{"name":"(anonymous_1)","decl":{"start":{"line":12,"column":40},"end":{"line":12,"column":45}},"loc":{"start":{"line":12,"column":46},"end":{"line":12,"column":2}}}},"branchMap":{"0":{"loc":{"start":{"line":11,"column":0},"end":{"line":21,"column":1}},"type":"if","locations":[{"start":{"line":11,"column":0},"end":{"line":21,"column":1}},{"start":{"line":11,"column":0},"end":{"line":21,"column":1}}]}},"s":{"0":0,"1":0,"2":0,"3":0,"4":0,"5":0,"6":0,"7":0,"8":0},"f":{"0":0},"b":{"0":[0,0]}}
,"/Users/pawelzun/unamo/mine-repos/webpack-todo/src/components/Title.js": {"path":"/Users/pawelzun/unamo/mine-repos/webpack-todo/src/components/Title.js","statementMap":{"0":{"start":{"line":6,"column":4},"end":{"line":11,"column":6}}},"fnMap":{"0":{"name":"(anonymous_0)","decl":{"start":{"line":5,"column":2},"end":{"line":5,"column":3}},"loc":{"start":{"line":5,"column":11},"end":{"line":12,"column":3}},"line":5}},"branchMap":{},"s":{"0":1},"f":{"0":1},"b":{},"_coverageSchema":"332fd63041d2c1bcb487cc26dd0d5f7d97098a6c","hash":"8b2a62dbd9d5a1ef3957ff7e20625ff64400fd21"}
,"/Users/pawelzun/unamo/mine-repos/webpack-todo/src/components/Todo.js": {"path":"/Users/pawelzun/unamo/mine-repos/webpack-todo/src/components/Todo.js","statementMap":{"0":{"start":{"line":1,"column":0},"end":{"line":null,"column":-1}},"1":{"start":{"line":2,"column":0},"end":{"line":null,"column":-1}},"2":{"start":{"line":5,"column":10},"end":{"line":null,"column":-1}},"3":{"start":{"line":6,"column":2},"end":{"line":null,"column":-1}},"4":{"start":{"line":7,"column":17},"end":{"line":null,"column":-1}}},"fnMap":{"0":{"name":"onClick","decl":{"start":{"line":7,"column":17},"end":{"line":null,"column":-1}},"loc":{"start":{"line":7,"column":17},"end":{"line":7,"column":3}}}},"branchMap":{},"s":{"0":0,"1":0,"2":0,"3":0,"4":0},"f":{"0":0},"b":{}}
,"/Users/pawelzun/unamo/mine-repos/webpack-todo/src/components/TodoForm.js": {"path":"/Users/pawelzun/unamo/mine-repos/webpack-todo/src/components/TodoForm.js","statementMap":{"0":{"start":{"line":1,"column":0},"end":{"line":null,"column":-1}},"1":{"start":{"line":2,"column":0},"end":{"line":null,"column":-1}},"2":{"start":{"line":5,"column":20},"end":{"line":null,"column":-1}},"3":{"start":{"line":7,"column":2},"end":{"line":null,"column":-1}},"4":{"start":{"line":11,"column":2},"end":{"line":null,"column":-1}},"5":{"start":{"line":12,"column":4},"end":{"line":null,"column":-1}},"6":{"start":{"line":15,"column":2},"end":{"line":null,"column":-1}},"7":{"start":{"line":18,"column":4},"end":{"line":null,"column":-1}},"8":{"start":{"line":19,"column":2},"end":{"line":22,"column":3}},"9":{"start":{"line":20,"column":3},"end":{"line":null,"column":-1}},"10":{"start":{"line":21,"column":3},"end":{"line":null,"column":-1}},"11":{"start":{"line":25,"column":2},"end":{"line":null,"column":-1}}},"fnMap":{"0":{"name":"TodoForm","decl":{"start":{"line":5,"column":1},"end":{"line":5,"column":12}},"loc":{"start":{"line":5,"column":20},"end":{"line":13,"column":2}}}},"branchMap":{"0":{"loc":{"start":{"line":5,"column":20},"end":{"line":6,"column":7}},"type":"binary-expr","locations":[{"start":{"line":5,"column":20},"end":{"line":6,"column":7}},{"start":{"line":5,"column":20},"end":{"line":6,"column":7}}]},"1":{"loc":{"start":{"line":19,"column":2},"end":{"line":22,"column":3}},"type":"if","locations":[{"start":{"line":19,"column":2},"end":{"line":22,"column":3}},{"start":{"line":19,"column":2},"end":{"line":22,"column":3}}]}},"s":{"0":0,"1":0,"2":0,"3":0,"4":0,"5":0,"6":0,"7":0,"8":0,"9":0,"10":0,"11":0},"f":{"0":0},"b":{"0":[0,0],"1":[0,0]}}
,"/Users/pawelzun/unamo/mine-repos/webpack-todo/src/components/TodoList.js": {"path":"/Users/pawelzun/unamo/mine-repos/webpack-todo/src/components/TodoList.js","statementMap":{"0":{"start":{"line":1,"column":0},"end":{"line":null,"column":-1}},"1":{"start":{"line":2,"column":0},"end":{"line":null,"column":-1}},"2":{"start":{"line":3,"column":0},"end":{"line":null,"column":-1}},"3":{"start":{"line":6,"column":11},"end":{"line":null,"column":-1}},"4":{"start":{"line":7,"column":4},"end":{"line":null,"column":-1}},"5":{"start":{"line":11,"column":26},"end":{"line":null,"column":-1}}},"fnMap":{"0":{"name":"(anonymous_10)","decl":{"start":{"line":11,"column":26},"end":{"line":null,"column":-1}},"loc":{"start":{"line":11,"column":26},"end":{"line":11,"column":6}}}},"branchMap":{},"s":{"0":0,"1":0,"2":0,"3":0,"4":0,"5":0},"f":{"0":0},"b":{}}
,"/Users/pawelzun/unamo/mine-repos/webpack-todo/src/containers/App.js": {"path":"/Users/pawelzun/unamo/mine-repos/webpack-todo/src/containers/App.js","statementMap":{"0":{"start":{"line":1,"column":0},"end":{"line":null,"column":-1}},"1":{"start":{"line":2,"column":0},"end":{"line":null,"column":-1}},"2":{"start":{"line":3,"column":0},"end":{"line":null,"column":-1}},"3":{"start":{"line":4,"column":0},"end":{"line":null,"column":-1}},"4":{"start":{"line":5,"column":0},"end":{"line":null,"column":-1}},"5":{"start":{"line":6,"column":0},"end":{"line":null,"column":-1}},"6":{"start":{"line":9,"column":20},"end":{"line":null,"column":-1}},"7":{"start":{"line":11,"column":2},"end":{"line":null,"column":-1}},"8":{"start":{"line":30,"column":15},"end":{"line":30,"column":2}},"9":{"start":{"line":34,"column":8},"end":{"line":34,"column":2}},"10":{"start":{"line":35,"column":2},"end":{"line":null,"column":-1}},"11":{"start":{"line":38,"column":20},"end":{"line":38,"column":2}},"12":{"start":{"line":38,"column":43},"end":{"line":null,"column":-1}},"13":{"start":{"line":39,"column":2},"end":{"line":null,"column":-1}},"14":{"start":{"line":42,"column":2},"end":{"line":null,"column":-1}}},"fnMap":{"0":{"name":"App","decl":{"start":{"line":9,"column":1},"end":{"line":9,"column":12}},"loc":{"start":{"line":9,"column":20},"end":{"line":28,"column":2}}},"1":{"name":"(anonymous_12)","decl":{"start":{"line":38,"column":43},"end":{"line":null,"column":-1}},"loc":{"start":{"line":38,"column":43},"end":{"line":38,"column":20}}}},"branchMap":{"0":{"loc":{"start":{"line":9,"column":20},"end":{"line":10,"column":7}},"type":"binary-expr","locations":[{"start":{"line":9,"column":20},"end":{"line":10,"column":7}},{"start":{"line":9,"column":20},"end":{"line":10,"column":7}}]}},"s":{"0":0,"1":0,"2":0,"3":0,"4":0,"5":0,"6":0,"7":0,"8":0,"9":0,"10":0,"11":0,"12":0,"13":0,"14":0},"f":{"0":0,"1":0},"b":{"0":[0,0]}}
}
